2025-06-19 20:05:15,295 INFO o.a.j.u.JMeterUtils: Setting Locale to en_EN
2025-06-19 20:05:15,313 INFO o.a.j.JMeter: Loading user properties from: user.properties
2025-06-19 20:05:15,314 INFO o.a.j.JMeter: Loading system properties from: system.properties
2025-06-19 20:05:15,322 INFO o.a.j.JMeter: Copyright (c) 1998-2024 The Apache Software Foundation
2025-06-19 20:05:15,322 INFO o.a.j.JMeter: Version 5.6.3
2025-06-19 20:05:15,322 INFO o.a.j.JMeter: java.version=17.0.12
2025-06-19 20:05:15,322 INFO o.a.j.JMeter: java.vm.name=Java HotSpot(TM) 64-Bit Server VM
2025-06-19 20:05:15,322 INFO o.a.j.JMeter: os.name=Windows 10
2025-06-19 20:05:15,322 INFO o.a.j.JMeter: os.arch=amd64
2025-06-19 20:05:15,322 INFO o.a.j.JMeter: os.version=10.0
2025-06-19 20:05:15,322 INFO o.a.j.JMeter: file.encoding=Cp1251
2025-06-19 20:05:15,323 INFO o.a.j.JMeter: java.awt.headless=null
2025-06-19 20:05:15,323 INFO o.a.j.JMeter: Max memory     =1073741824
2025-06-19 20:05:15,323 INFO o.a.j.JMeter: Available Processors =20
2025-06-19 20:05:15,331 INFO o.a.j.JMeter: Default Locale=English (EN)
2025-06-19 20:05:15,331 INFO o.a.j.JMeter: JMeter  Locale=English (EN)
2025-06-19 20:05:15,331 INFO o.a.j.JMeter: JMeterHome=C:\Users\pcpcc\Desktop\apache-jmeter-5.6.3
2025-06-19 20:05:15,331 INFO o.a.j.JMeter: user.dir  =C:\Users\pcpcc\Desktop\apache-jmeter-5.6.3\bin
2025-06-19 20:05:15,331 INFO o.a.j.JMeter: PWD       =C:\Users\pcpcc\Desktop\apache-jmeter-5.6.3\bin
2025-06-19 20:05:15,343 INFO o.a.j.JMeter: IP: 192.168.0.19 Name: DESKTOP-LDG5M0D FullName: 192.168.0.19
2025-06-19 20:05:15,355 INFO o.a.j.JMeter: Loaded icon properties from org/apache/jmeter/images/icon.properties
2025-06-19 20:05:15,521 INFO o.a.j.JMeterGuiLauncher: Setting LAF to: com.github.weisj.darklaf.DarkLaf:com.github.weisj.darklaf.theme.DarculaTheme
2025-06-19 20:05:16,425 INFO o.a.j.r.ClassFinder: Will scan jar C:\Users\pcpcc\Desktop\apache-jmeter-5.6.3\lib\ext\jmeter-plugins-tst-2.6.jar with filter ExtendsClassFilter [parents=[interface org.apache.jmeter.gui.action.Command], inner=false, contains=null, notContains=null]. Consider exposing JMeter plugins via META-INF/services, and add JMeter-Skip-Class-Scanning=true manifest attribute so JMeter can skip classfile scanning
2025-06-19 20:05:16,428 INFO o.a.j.r.ClassFinder: Will scan jar C:\Users\pcpcc\Desktop\apache-jmeter-5.6.3\lib\ext\JMeter-InfluxDB-Writer-plugin-1.2.jar with filter ExtendsClassFilter [parents=[interface org.apache.jmeter.gui.action.Command], inner=false, contains=null, notContains=null]. Consider exposing JMeter plugins via META-INF/services, and add JMeter-Skip-Class-Scanning=true manifest attribute so JMeter can skip classfile scanning
2025-06-19 20:05:16,559 INFO o.a.j.r.ClassFinder: Will scan jar C:\Users\pcpcc\Desktop\apache-jmeter-5.6.3\lib\ext\di-kafkameter-1.3.jar with filter ExtendsClassFilter [parents=[interface org.apache.jmeter.gui.action.Command], inner=false, contains=null, notContains=null]. Consider exposing JMeter plugins via META-INF/services, and add JMeter-Skip-Class-Scanning=true manifest attribute so JMeter can skip classfile scanning
2025-06-19 20:05:16,563 INFO o.a.j.r.ClassFinder: Will scan jar C:\Users\pcpcc\Desktop\apache-jmeter-5.6.3\lib\ext\jmeter-plugins-graphs-basic-2.0.jar with filter ExtendsClassFilter [parents=[interface org.apache.jmeter.gui.action.Command], inner=false, contains=null, notContains=null]. Consider exposing JMeter plugins via META-INF/services, and add JMeter-Skip-Class-Scanning=true manifest attribute so JMeter can skip classfile scanning
2025-06-19 20:05:16,566 INFO o.a.j.r.ClassFinder: Will scan jar C:\Users\pcpcc\Desktop\apache-jmeter-5.6.3\lib\ext\jmeter-bzm-http2-2.0.6.jar with filter ExtendsClassFilter [parents=[interface org.apache.jmeter.gui.action.Command], inner=false, contains=null, notContains=null]. Consider exposing JMeter plugins via META-INF/services, and add JMeter-Skip-Class-Scanning=true manifest attribute so JMeter can skip classfile scanning
2025-06-19 20:05:16,583 INFO o.a.j.r.ClassFinder: Will scan jar C:\Users\pcpcc\Desktop\apache-jmeter-5.6.3\lib\ext\jmeter.backendlistener.kafka-1.0.0.jar with filter ExtendsClassFilter [parents=[interface org.apache.jmeter.gui.action.Command], inner=false, contains=null, notContains=null]. Consider exposing JMeter plugins via META-INF/services, and add JMeter-Skip-Class-Scanning=true manifest attribute so JMeter can skip classfile scanning
2025-06-19 20:05:16,903 INFO o.a.j.r.ClassFinder: Will scan jar C:\Users\pcpcc\Desktop\apache-jmeter-5.6.3\lib\ext\jmeter-plugins-manager-1.11.jar with filter ExtendsClassFilter [parents=[interface org.apache.jmeter.gui.action.Command], inner=false, contains=null, notContains=null]. Consider exposing JMeter plugins via META-INF/services, and add JMeter-Skip-Class-Scanning=true manifest attribute so JMeter can skip classfile scanning
2025-06-19 20:05:16,956 INFO o.a.j.r.ClassFinder: Will scan jar C:\Users\pcpcc\Desktop\apache-jmeter-5.6.3\lib\ext\kafkameter-0.2.0.jar with filter ExtendsClassFilter [parents=[interface org.apache.jmeter.gui.action.Command], inner=false, contains=null, notContains=null]. Consider exposing JMeter plugins via META-INF/services, and add JMeter-Skip-Class-Scanning=true manifest attribute so JMeter can skip classfile scanning
2025-06-19 20:05:16,957 INFO o.a.j.r.ClassFinder: Will scan jar C:\Users\pcpcc\Desktop\apache-jmeter-5.6.3\lib\ext\jmeter-plugins-manager-1.10.jar with filter ExtendsClassFilter [parents=[interface org.apache.jmeter.gui.action.Command], inner=false, contains=null, notContains=null]. Consider exposing JMeter plugins via META-INF/services, and add JMeter-Skip-Class-Scanning=true manifest attribute so JMeter can skip classfile scanning
2025-06-19 20:05:16,958 INFO o.a.j.r.ClassFinder: Will scan jar C:\Users\pcpcc\Desktop\apache-jmeter-5.6.3\lib\ext\jmeter-plugins-casutg-3.1.1.jar with filter ExtendsClassFilter [parents=[interface org.apache.jmeter.gui.action.Command], inner=false, contains=null, notContains=null]. Consider exposing JMeter plugins via META-INF/services, and add JMeter-Skip-Class-Scanning=true manifest attribute so JMeter can skip classfile scanning
2025-06-19 20:05:17,002 INFO o.a.j.r.ClassFinder: Will scan jar C:\Users\pcpcc\Desktop\apache-jmeter-5.6.3\lib\ext\jmeter-plugins-tst-2.6.jar with filter ExtendsClassFilter [parents=[interface org.apache.jmeter.gui.plugin.MenuCreator], inner=false, contains=null, notContains=null]. Consider exposing JMeter plugins via META-INF/services, and add JMeter-Skip-Class-Scanning=true manifest attribute so JMeter can skip classfile scanning
2025-06-19 20:05:17,002 INFO o.a.j.r.ClassFinder: Will scan jar C:\Users\pcpcc\Desktop\apache-jmeter-5.6.3\lib\ext\JMeter-InfluxDB-Writer-plugin-1.2.jar with filter ExtendsClassFilter [parents=[interface org.apache.jmeter.gui.plugin.MenuCreator], inner=false, contains=null, notContains=null]. Consider exposing JMeter plugins via META-INF/services, and add JMeter-Skip-Class-Scanning=true manifest attribute so JMeter can skip classfile scanning
2025-06-19 20:05:17,004 INFO o.a.j.r.ClassFinder: Will scan jar C:\Users\pcpcc\Desktop\apache-jmeter-5.6.3\lib\ext\di-kafkameter-1.3.jar with filter ExtendsClassFilter [parents=[interface org.apache.jmeter.gui.plugin.MenuCreator], inner=false, contains=null, notContains=null]. Consider exposing JMeter plugins via META-INF/services, and add JMeter-Skip-Class-Scanning=true manifest attribute so JMeter can skip classfile scanning
2025-06-19 20:05:17,005 INFO o.a.j.r.ClassFinder: Will scan jar C:\Users\pcpcc\Desktop\apache-jmeter-5.6.3\lib\ext\jmeter-plugins-graphs-basic-2.0.jar with filter ExtendsClassFilter [parents=[interface org.apache.jmeter.gui.plugin.MenuCreator], inner=false, contains=null, notContains=null]. Consider exposing JMeter plugins via META-INF/services, and add JMeter-Skip-Class-Scanning=true manifest attribute so JMeter can skip classfile scanning
2025-06-19 20:05:17,005 INFO o.a.j.r.ClassFinder: Will scan jar C:\Users\pcpcc\Desktop\apache-jmeter-5.6.3\lib\ext\jmeter-bzm-http2-2.0.6.jar with filter ExtendsClassFilter [parents=[interface org.apache.jmeter.gui.plugin.MenuCreator], inner=false, contains=null, notContains=null]. Consider exposing JMeter plugins via META-INF/services, and add JMeter-Skip-Class-Scanning=true manifest attribute so JMeter can skip classfile scanning
2025-06-19 20:05:17,005 INFO o.a.j.r.ClassFinder: Will scan jar C:\Users\pcpcc\Desktop\apache-jmeter-5.6.3\lib\ext\jmeter.backendlistener.kafka-1.0.0.jar with filter ExtendsClassFilter [parents=[interface org.apache.jmeter.gui.plugin.MenuCreator], inner=false, contains=null, notContains=null]. Consider exposing JMeter plugins via META-INF/services, and add JMeter-Skip-Class-Scanning=true manifest attribute so JMeter can skip classfile scanning
2025-06-19 20:05:17,014 INFO o.a.j.r.ClassFinder: Will scan jar C:\Users\pcpcc\Desktop\apache-jmeter-5.6.3\lib\ext\jmeter-plugins-manager-1.11.jar with filter ExtendsClassFilter [parents=[interface org.apache.jmeter.gui.plugin.MenuCreator], inner=false, contains=null, notContains=null]. Consider exposing JMeter plugins via META-INF/services, and add JMeter-Skip-Class-Scanning=true manifest attribute so JMeter can skip classfile scanning
2025-06-19 20:05:17,014 INFO o.a.j.r.ClassFinder: Will scan jar C:\Users\pcpcc\Desktop\apache-jmeter-5.6.3\lib\ext\kafkameter-0.2.0.jar with filter ExtendsClassFilter [parents=[interface org.apache.jmeter.gui.plugin.MenuCreator], inner=false, contains=null, notContains=null]. Consider exposing JMeter plugins via META-INF/services, and add JMeter-Skip-Class-Scanning=true manifest attribute so JMeter can skip classfile scanning
2025-06-19 20:05:17,015 INFO o.a.j.r.ClassFinder: Will scan jar C:\Users\pcpcc\Desktop\apache-jmeter-5.6.3\lib\ext\jmeter-plugins-manager-1.10.jar with filter ExtendsClassFilter [parents=[interface org.apache.jmeter.gui.plugin.MenuCreator], inner=false, contains=null, notContains=null]. Consider exposing JMeter plugins via META-INF/services, and add JMeter-Skip-Class-Scanning=true manifest attribute so JMeter can skip classfile scanning
2025-06-19 20:05:17,015 INFO o.a.j.r.ClassFinder: Will scan jar C:\Users\pcpcc\Desktop\apache-jmeter-5.6.3\lib\ext\jmeter-plugins-casutg-3.1.1.jar with filter ExtendsClassFilter [parents=[interface org.apache.jmeter.gui.plugin.MenuCreator], inner=false, contains=null, notContains=null]. Consider exposing JMeter plugins via META-INF/services, and add JMeter-Skip-Class-Scanning=true manifest attribute so JMeter can skip classfile scanning
2025-06-19 20:05:17,055 WARN o.j.r.PluginManager: Found JAR conflict: C:\Users\pcpcc\Desktop\apache-jmeter-5.6.3\lib\ext\jmeter-plugins-manager-1.11.jar and C:\Users\pcpcc\Desktop\apache-jmeter-5.6.3\lib\ext\jmeter-plugins-manager-1.10.jar
2025-06-19 20:05:17,175 INFO o.j.r.JARSourceHTTP: Requesting https://jmeter-plugins.org/repo/?installID=windows_10-692c1a4b7e85fc1a50a9e9584199060e-gui
2025-06-19 20:05:18,829 INFO o.a.j.s.SaveService: Testplan (JMX) version: 2.2. Testlog (JTL) version: 2.2
2025-06-19 20:05:18,836 INFO o.j.r.PluginManager: Plugins Status: [jpgc-graphs-basic=2.0, bzm-http2-legacy=2.0.6, bzm-http2=2.0.6, jpgc-casutg=3.1.1, di-kafkameter=1.3, kafkameter=0.2.0, jmeter.backendlistener.kafka=1.0.0, jpgc-plugins-manager=1.10, jpgc-tst=2.6, jmeter-core=5.6.3, jmeter-ftp=5.6.3, jmeter-http=5.6.3, jmeter-jdbc=5.6.3, jmeter-jms=5.6.3, jmeter-junit=5.6.3, jmeter-java=5.6.3, jmeter-ldap=5.6.3, jmeter-mail=5.6.3, jmeter-mongodb=5.6.3, jmeter-native=5.6.3, jmeter-tcp=5.6.3, jmeter-components=5.6.3]
2025-06-19 20:05:18,837 INFO o.a.j.s.SaveService: Using SaveService properties version 5.0
2025-06-19 20:05:18,838 INFO o.j.r.PluginManagerMenuItem: Plugins Manager has upgrades: [jpgc-plugins-manager]
2025-06-19 20:05:18,839 INFO o.a.j.s.SaveService: Using SaveService properties file encoding UTF-8
2025-06-19 20:05:18,884 INFO o.a.j.p.h.s.HTTPSamplerBase: Parser for text/html is org.apache.jmeter.protocol.http.parser.LagartoBasedHtmlParser
2025-06-19 20:05:18,884 INFO o.a.j.p.h.s.HTTPSamplerBase: Parser for application/xhtml+xml is org.apache.jmeter.protocol.http.parser.LagartoBasedHtmlParser
2025-06-19 20:05:18,884 INFO o.a.j.p.h.s.HTTPSamplerBase: Parser for application/xml is org.apache.jmeter.protocol.http.parser.LagartoBasedHtmlParser
2025-06-19 20:05:18,884 INFO o.a.j.p.h.s.HTTPSamplerBase: Parser for text/xml is org.apache.jmeter.protocol.http.parser.LagartoBasedHtmlParser
2025-06-19 20:05:18,884 INFO o.a.j.p.h.s.HTTPSamplerBase: Parser for text/vnd.wap.wml is org.apache.jmeter.protocol.http.parser.RegexpHTMLParser
2025-06-19 20:05:18,884 INFO o.a.j.p.h.s.HTTPSamplerBase: Parser for text/css is org.apache.jmeter.protocol.http.parser.CssParser
